Added Component: Designator=U(TPS259620DDAT - duplicate)
Add component. Clean all parameters for all variants
Add component (AddParameter): Name = "ComponentLink1Description"; Value = "TI Link"; VariantName = "[No Variations]"
Add component (AddParameter): Name = "ComponentLink1URL"; Value = "http://www.ti.com/product/TPS2596"; VariantName = "[No Variations]"
Added Pin To Net: NetName=NetR18_1 Pin=U1-25
Added Pin To Net: NetName=GND Pin=U-1
Added Pin To Net: NetName=NetC21_2 Pin=U-2
Added Pin To Net: NetName=PWR_5V Pin=U-4
Added Pin To Net: NetName=+5V Pin=U-5
Added Pin To Net: NetName=NetR18_1 Pin=U-6
Added Pin To Net: NetName=NetR19_2 Pin=U-7
Added Pin To Net: NetName=NetR20_2 Pin=U-8
Added Pin To Net: NetName=GND Pin=U-9
Added Pin To Net: NetName=NetU1_24 Pin=U1-24
Added Pin To Net: NetName=NetU1_24 Pin=U-3
Added Net: Name=NetU1_24
Added Member To Class: ClassName=Power Member=Component U TPS259620DDAT
Added Room: Name=BLE_Sensors_LEDs
Added Room: Name=MCU
Added Room: Name=Tubes 1-3
Added Room: Name=Tubes4-6
