Removed Pin From Net: NetName=MCU_VDD Pin=JTAG-1
Removed Pin From Net: NetName=NetC1_1 Pin=JTAG-4
Removed Pin From Net: NetName=GND Pin=JTAG-6
Removed Pin From Net: NetName=MCU_VDD Pin=ON/OFF-3
Removed Pin From Net: NetName=GND Pin=R1-2
Removed Pin From Net: NetName=NetJTAG_2 Pin=U1-49
Removed Pin From Net: NetName=NetJTAG_5 Pin=U1-55
Added Component: Designator=R21(RESC1608X55X30LL20T20)
Add component. Clean all parameters for all variants
Add component (AddParameter): Name = "Manufacturer"; Value = "Panasonic"; VariantName = "[No Variations]"
Add component (AddParameter): Name = "Part Number"; Value = "ERA3AEB102V"; VariantName = "[No Variations]"
Added Component: Designator=R22(RESC1608X55X30LL20T20)
Add component. Clean all parameters for all variants
Add component (AddParameter): Name = "Manufacturer"; Value = "Panasonic"; VariantName = "[No Variations]"
Add component (AddParameter): Name = "Part Number"; Value = "ERA3AEB102V"; VariantName = "[No Variations]"
Added Component: Designator=R23(RESC1608X55X30LL20T20)
Add component. Clean all parameters for all variants
Add component (AddParameter): Name = "Manufacturer"; Value = "Panasonic"; VariantName = "[No Variations]"
Add component (AddParameter): Name = "Part Number"; Value = "ERA3AEB102V"; VariantName = "[No Variations]"
Added Component: Designator=R24(RESC1608X55X30LL20T20)
Add component. Clean all parameters for all variants
Add component (AddParameter): Name = "Manufacturer"; Value = "Panasonic"; VariantName = "[No Variations]"
Add component (AddParameter): Name = "Part Number"; Value = "ERA3AEB102V"; VariantName = "[No Variations]"
Added Component: Designator=R25(RESC1608X55X30LL20T20)
Add component. Clean all parameters for all variants
Add component (AddParameter): Name = "Manufacturer"; Value = "Panasonic"; VariantName = "[No Variations]"
Add component (AddParameter): Name = "Part Number"; Value = "ERA3AEB102V"; VariantName = "[No Variations]"
Added Component: Designator=R26(RESC1608X55X30LL20T20)
Add component. Clean all parameters for all variants
Add component (AddParameter): Name = "Manufacturer"; Value = "Panasonic"; VariantName = "[No Variations]"
Add component (AddParameter): Name = "Part Number"; Value = "ERA3AEB102V"; VariantName = "[No Variations]"
Added Pin To Net: NetName=GND Pin=C1-2
Added Pin To Net: NetName=GND Pin=JTAG-3
Added Pin To Net: NetName=GND Pin=K1-2
Added Pin To Net: NetName=GND Pin=R1-1
Added Pin To Net: NetName=BOOT0 Pin=R1-2
Added Pin To Net: NetName=MCU_VDD Pin=R21-2
Added Pin To Net: NetName=MCU_VDD Pin=R22-2
Added Pin To Net: NetName=NetJTAG_2 Pin=R23-1
Added Pin To Net: NetName=NetJTAG_5 Pin=R25-1
Added Pin To Net: NetName=NetC1_1 Pin=R25-2
Added Pin To Net: NetName=NetJTAG_1 Pin=JTAG-1
Added Pin To Net: NetName=NetJTAG_1 Pin=R22-1
Added Net: Name=NetJTAG_1
Added Pin To Net: NetName=NetJTAG_4 Pin=JTAG-4
Added Pin To Net: NetName=NetJTAG_4 Pin=R24-1
Added Net: Name=NetJTAG_4
Added Pin To Net: NetName=NetJTAG_6 Pin=JTAG-6
Added Pin To Net: NetName=NetJTAG_6 Pin=R26-1
Added Net: Name=NetJTAG_6
Added Pin To Net: NetName=NetON/OFF_3 Pin=ON/OFF-3
Added Pin To Net: NetName=NetON/OFF_3 Pin=R21-1
Added Net: Name=NetON/OFF_3
Added Pin To Net: NetName=NetR23_2 Pin=R23-2
Added Pin To Net: NetName=NetR23_2 Pin=U1-49
Added Net: Name=NetR23_2
Added Pin To Net: NetName=NetR24_2 Pin=R24-2
Added Pin To Net: NetName=NetR24_2 Pin=U1-46
Added Net: Name=NetR24_2
Added Pin To Net: NetName=NetR26_2 Pin=R26-2
Added Pin To Net: NetName=NetR26_2 Pin=U1-55
Added Net: Name=NetR26_2
Added Member To Class: ClassName=MCU Member=Component R21 10k
Added Member To Class: ClassName=MCU Member=Component R22 10k
Added Member To Class: ClassName=MCU Member=Component R23 1k
Added Member To Class: ClassName=MCU Member=Component R24 1k
Added Member To Class: ClassName=MCU Member=Component R25 1k
Added Member To Class: ClassName=MCU Member=Component R26 1k
Added Room: Name=BLE_Sensors_LEDs
Added Room: Name=MCU
Added Room: Name=Power
Added Room: Name=Tubes 1-3
Added Room: Name=Tubes4-6
