Added Component: Designator=J2(PIN1)
Add component. Clean all parameters for all variants
Add component (AddParameter): Name = "LatestRevisionDate"; Value = "17-Jul-2002"; VariantName = "[No Variations]"
Add component (AddParameter): Name = "LatestRevisionNote"; Value = "Re-released for DXP Platform."; VariantName = "[No Variations]"
Add component (AddParameter): Name = "Publisher"; Value = "Altium Limited"; VariantName = "[No Variations]"
Added Component: Designator=P1(HDR1X6H)
Add component. Clean all parameters for all variants
Add component (AddParameter): Name = "LatestRevisionDate"; Value = "17-Jul-2002"; VariantName = "[No Variations]"
Add component (AddParameter): Name = "LatestRevisionNote"; Value = "Re-released for DXP Platform."; VariantName = "[No Variations]"
Add component (AddParameter): Name = "Publisher"; Value = "Altium Limited"; VariantName = "[No Variations]"
Added Component: Designator=SW5(CKCP-JS102011SAQN-3_V)
Add component. Clean all parameters for all variants
Add component (AddParameter): Name = "Actuator Color"; Value = "Black"; VariantName = "[No Variations]"
Add component (AddParameter): Name = "Actuator Material"; Value = "Nylon4/6"; VariantName = "[No Variations]"
Add component (AddParameter): Name = "Actuator Style"; Value = "SideSlide"; VariantName = "[No Variations]"
Add component (AddParameter): Name = "Base Material"; Value = "N/A"; VariantName = "[No Variations]"
Add component (AddParameter): Name = "Body Orientation"; Value = "RightAngle"; VariantName = "[No Variations]"
Add component (AddParameter): Name = "Contact Material"; Value = "CopperAlloy"; VariantName = "[No Variations]"
Add component (AddParameter): Name = "Contact Plating"; Value = "Silver"; VariantName = "[No Variations]"
Add component (AddParameter): Name = "Contact Rating @ Voltage"; Value = "0.3@6VDCA"; VariantName = "[No Variations]"
Add component (AddParameter): Name = "COO"; Value = "US"; VariantName = "[No Variations]"
Add component (AddParameter): Name = "Datasheet URL"; Value = "https://datasheet.ciiva.com/1532/js-9dec14-1532400.pdf"; VariantName = "[No Variations]"
Add component (AddParameter): Name = "Datasheet Version"; Value = "12/2014"; VariantName = "[No Variations]"
Add component (AddParameter): Name = "Dielectric Strength"; Value = "500VAC"; VariantName = "[No Variations]"
Add component (AddParameter): Name = "Dimension"; Value = "9x4.3mm"; VariantName = "[No Variations]"
Add component (AddParameter): Name = "ECCN"; Value = "EAR99"; VariantName = "[No Variations]"
Add component (AddParameter): Name = "Electrical Life"; Value = "15000Cycles"; VariantName = "[No Variations]"
Add component (AddParameter): Name = "Family"; Value = "JS"; VariantName = "[No Variations]"
Add component (AddParameter): Name = "Housing Material"; Value = "Nylon4/6"; VariantName = "[No Variations]"
Add component (AddParameter): Name = "HTS"; Value = "8536509050"; VariantName = "[No Variations]"
Add component (AddParameter): Name = "Manufacturer"; Value = "C&K Components"; VariantName = "[No Variations]"
Add component (AddParameter): Name = "Manufacturer URL"; Value = "http://www.ckswitches.com/"; VariantName = "[No Variations]"
Add component (AddParameter): Name = "Maximum AC Voltage Rating"; Value = "N/A"; VariantName = "[No Variations]"
Add component (AddParameter): Name = "Maximum Contact Resistance"; Value = "70mOhm"; VariantName = "[No Variations]"
Add component (AddParameter): Name = "Maximum DC Voltage Rating"; Value = "6V"; VariantName = "[No Variations]"
Add component (AddParameter): Name = "Mechanical Life"; Value = "N/A"; VariantName = "[No Variations]"
Add component (AddParameter): Name = "Minimum Insulation Resistance"; Value = "100MOhm"; VariantName = "[No Variations]"
Add component (AddParameter): Name = "Mounting"; Value = "SurfaceMount,GullWing"; VariantName = "[No Variations]"
Add component (AddParameter): Name = "Mounting Technology"; Value = "SurfaceMount"; VariantName = "[No Variations]"
Add component (AddParameter): Name = "Operating Temperature"; Value = "-40to85C"; VariantName = "[No Variations]"
Add component (AddParameter): Name = "Package Description"; Value = "3-Pin Surface Mount Device, Body 9 x 3.6 mm, Height 3.5 mm"; VariantName = "[No Variations]"
Add component (AddParameter): Name = "Package Reference"; Value = "SMT"; VariantName = "[No Variations]"
Add component (AddParameter): Name = "Packaging"; Value = "TapeandReel"; VariantName = "[No Variations]"
Add component (AddParameter): Name = "Part No"; Value = "JS102011SAQN"; VariantName = "[No Variations]"
Add component (AddParameter): Name = "Pole Throw Configuration"; Value = "SPDT"; VariantName = "[No Variations]"
Add component (AddParameter): Name = "Product Weight"; Value = "N/A"; VariantName = "[No Variations]"
Add component (AddParameter): Name = "RoHS"; Value = "Yes"; VariantName = "[No Variations]"
Add component (AddParameter): Name = "Seal Description"; Value = "N/A"; VariantName = "[No Variations]"
Add component (AddParameter): Name = "Seal Location"; Value = "N/A"; VariantName = "[No Variations]"
Add component (AddParameter): Name = "Supplier"; Value = "C&KComponents"; VariantName = "[No Variations]"
Add component (AddParameter): Name = "Switch Configuration"; Value = "N/A"; VariantName = "[No Variations]"
Add component (AddParameter): Name = "Type"; Value = "Sub-Miniature"; VariantName = "[No Variations]"
Added Pin To Net: NetName=NetC1_1 Pin=P1-4
Added Pin To Net: NetName=GND Pin=SW5-1
Added Pin To Net: NetName=MCU_VDD Pin=SW5-3
Added Pin To Net: NetName=NetU8_13 Pin=U1-20
Change Net Name : Old Net Name=\SRCLR New Net Name=NetU1_44
Change Net Name : Old Net Name=NetU8_13 New Net Name=NetU1_20
Change Net Name : Old Net Name=RCLK New Net Name=NetU1_39
Change Net Name : Old Net Name=SER1 New Net Name=NetU1_33
Change Net Name : Old Net Name=SER2 New Net Name=NetU1_34
Change Net Name : Old Net Name=SER3 New Net Name=NetU1_35
Change Net Name : Old Net Name=SER4 New Net Name=NetU1_36
Change Net Name : Old Net Name=SER5 New Net Name=NetU1_37
Change Net Name : Old Net Name=SER6 New Net Name=NetU1_38
Change Net Name : Old Net Name=SRCLK New Net Name=NetU1_40
Added Pin To Net: NetName=BOOT0 Pin=J2-1
Added Pin To Net: NetName=BOOT0 Pin=U1-60
Added Net: Name=BOOT0
Added Pin To Net: NetName=NetP1_2 Pin=P1-2
Added Pin To Net: NetName=NetP1_2 Pin=U1-49
Added Net: Name=NetP1_2
Added Pin To Net: NetName=NetP1_3 Pin=P1-3
Added Pin To Net: NetName=NetP1_3 Pin=U1-46
Added Net: Name=NetP1_3
Added Pin To Net: NetName=NetP1_5 Pin=P1-5
Added Pin To Net: NetName=NetP1_5 Pin=U1-55
Added Net: Name=NetP1_5
Added Pin To Net: NetName=NetSW5_2 Pin=SW5-2
Added Pin To Net: NetName=NetSW5_2 Pin=U1-2
Added Net: Name=NetSW5_2
Added Pin To Net: NetName=NetU1_28 Pin=U1-28
Added Pin To Net: NetName=NetU1_28 Pin=U3-4
Added Net: Name=NetU1_28
Added Pin To Net: NetName=OffSheet Pin=U1-27
Added Pin To Net: NetName=OffSheet Pin=U3-1
Added Net: Name=OffSheet
Added Member To Class: ClassName=MCU Member=Component J2 Socket
Added Member To Class: ClassName=MCU Member=Component P1 Header 6H
Added Member To Class: ClassName=MCU Member=Component SW5 JS102011SAQN
Added Room: Name=BLE_Sensors_LEDs
Added Room: Name=MCU
Added Room: Name=Power
Added Room: Name=Tubes 1-3
Added Room: Name=Tubes4-6
